SF:lib/injection.dart
DA:6,9
DA:8,0
DA:11,0
DA:14,0
DA:15,0
LF:5
LH:1
end_of_record
SF:lib/models/simple_objects/bible.dart
DA:19,0
DA:20,3
DA:22,2
DA:24,4
DA:29,6
DA:30,6
DA:31,6
DA:33,12
DA:34,8
DA:36,10
DA:38,12
DA:39,8
DA:41,10
DA:42,8
DA:46,0
DA:51,0
DA:52,0
DA:53,0
DA:54,0
DA:58,0
DA:59,0
DA:61,0
DA:63,2
LF:23
LH:14
end_of_record
SF:lib/models/simple_objects/bible.g.dart
DA:9,0
DA:10,0
DA:11,0
DA:12,0
DA:13,0
DA:16,2
DA:17,1
DA:18,1
LF:8
LH:3
end_of_record
SF:lib/models/simple_objects/bibleinfo.dart
DA:14,3
DA:15,12
DA:17,2
DA:18,2
DA:19,6
DA:20,2
DA:21,2
DA:22,6
DA:23,2
DA:25,0
DA:26,0
DA:27,0
DA:28,0
DA:32,0
DA:33,0
DA:35,0
DA:37,2
LF:17
LH:10
end_of_record
SF:lib/models/simple_objects/bibleinfo.g.dart
DA:9,0
DA:10,0
DA:11,0
DA:12,0
DA:13,0
DA:14,0
DA:15,0
DA:18,2
DA:19,1
DA:20,1
LF:10
LH:3
end_of_record
SF:lib/services/bible.service.dart
DA:20,3
DA:22,0
DA:24,0
DA:25,0
DA:26,0
DA:29,0
DA:36,2
DA:37,6
DA:38,2
DA:39,2
DA:42,2
DA:43,6
DA:44,2
DA:45,2
DA:48,0
DA:49,0
DA:50,0
DA:53,1
DA:54,1
DA:55,8
DA:57,6
DA:60,0
DA:61,0
DA:62,0
DA:65,1
DA:66,6
DA:68,1
DA:70,0
DA:72,1
DA:74,0
DA:78,3
DA:84,4
DA:86,3
DA:88,1
DA:89,6
DA:91,1
DA:93,0
DA:95,1
DA:97,0
DA:101,2
DA:107,0
DA:108,0
DA:109,0
DA:110,0
DA:113,1
DA:114,5
DA:117,0
DA:118,0
DA:119,0
DA:122,0
DA:123,0
DA:124,0
DA:125,0
DA:128,0
DA:129,0
DA:130,0
DA:131,0
DA:132,0
DA:135,0
DA:137,0
DA:138,0
DA:139,0
DA:140,0
DA:141,0
DA:142,0
DA:144,0
DA:145,0
DA:146,0
DA:153,0
DA:155,0
DA:156,0
DA:163,0
DA:164,0
LF:73
LH:27
end_of_record
SF:lib/data/shared_prefs.dart
DA:21,1
DA:24,1
DA:25,1
DA:29,1
DA:30,2
DA:33,0
DA:34,0
DA:37,1
DA:38,3
DA:44,0
DA:45,0
DA:48,1
DA:49,3
DA:55,1
DA:56,3
DA:62,0
DA:63,0
DA:66,0
DA:67,0
DA:70,1
DA:71,3
DA:77,0
DA:78,0
DA:81,1
DA:82,3
DA:84,0
DA:89,0
DA:90,0
DA:93,1
DA:94,3
DA:97,0
LF:31
LH:17
end_of_record
SF:lib/redux/middleware.dart
DA:8,9
DA:9,6
DA:12,6
DA:14,6
DA:15,3
LF:5
LH:5
end_of_record
SF:lib/redux/reducers/bible_reducers.dart
DA:9,1
DA:10,1
DA:11,0
DA:13,1
DA:14,0
DA:15,0
DA:16,0
DA:17,0
DA:18,0
DA:19,0
DA:20,0
DA:21,0
DA:23,1
DA:24,0
DA:25,0
DA:26,0
DA:27,0
DA:28,0
DA:29,0
DA:30,0
DA:31,0
DA:32,0
DA:33,0
DA:35,1
DA:36,0
DA:38,1
DA:39,5
DA:41,1
DA:42,0
DA:44,1
DA:45,2
DA:46,1
DA:47,1
DA:48,1
DA:49,1
DA:50,1
DA:51,3
DA:53,0
DA:54,0
DA:55,0
DA:56,0
DA:57,0
DA:58,0
DA:59,0
DA:60,0
DA:62,0
DA:63,0
DA:64,0
DA:65,0
DA:66,0
DA:67,0
DA:68,0
DA:69,0
DA:71,0
DA:72,0
DA:73,0
DA:74,0
DA:75,0
DA:76,0
DA:77,0
DA:78,0
DA:80,0
DA:81,0
DA:82,0
DA:83,0
DA:84,0
DA:85,0
DA:86,0
DA:87,0
LF:69
LH:16
end_of_record
SF:lib/redux/state/bible_app_state.dart
DA:18,1
DA:19,3
DA:20,0
DA:22,0
DA:23,2
DA:33,0
DA:34,3
DA:36,0
DA:37,2
LF:9
LH:5
end_of_record
SF:lib/redux/state/bible_app_state.g.dart
DA:9,0
DA:10,0
DA:12,0
DA:14,0
DA:16,0
DA:19,1
DA:20,1
DA:21,1
DA:22,1
DA:23,1
DA:26,0
DA:28,0
DA:29,0
DA:32,1
DA:33,1
DA:34,1
DA:35,1
LF:17
LH:9
end_of_record
SF:lib/screens/stateless/home_screen.dart
DA:14,1
DA:16,1
DA:18,1
DA:19,1
DA:20,1
LF:5
LH:5
end_of_record
SF:lib/services/log.service.dart
DA:6,0
DA:7,0
DA:10,0
DA:11,0
DA:14,0
DA:15,0
DA:18,0
DA:19,0
DA:22,0
DA:23,0
DA:26,0
DA:27,0
LF:12
LH:0
end_of_record
SF:lib/bloc/bible/bible_bloc.dart
DA:16,0
DA:17,0
DA:19,0
DA:20,0
DA:21,0
DA:23,0
DA:25,0
LF:7
LH:0
end_of_record
SF:lib/bloc/bible/bible_event.dart
DA:4,0
DA:6,0
DA:7,0
DA:11,0
DA:13,0
DA:14,0
LF:6
LH:0
end_of_record
SF:lib/bloc/bible/bible_state.dart
DA:4,3
DA:6,0
DA:7,0
DA:16,0
DA:18,0
DA:19,0
DA:25,3
DA:27,0
DA:28,0
LF:9
LH:2
end_of_record
SF:lib/components/color_square.dart
DA:4,0
DA:7,0
DA:9,0
DA:12,0
DA:14,0
LF:5
LH:0
end_of_record
SF:lib/components/recent_verse.dart
DA:22,0
DA:27,0
DA:29,0
DA:30,0
DA:31,0
DA:35,0
DA:36,0
DA:37,0
DA:38,0
DA:39,0
DA:40,0
DA:41,0
DA:42,0
DA:43,0
DA:44,0
DA:45,0
DA:46,0
DA:48,0
DA:49,0
DA:51,0
DA:52,0
LF:21
LH:0
end_of_record
SF:lib/models/simple_objects/bible_chapter.dart
DA:12,2
DA:16,3
DA:18,0
DA:19,0
DA:20,0
DA:21,0
DA:25,0
DA:26,0
DA:28,0
DA:30,2
LF:10
LH:3
end_of_record
SF:lib/models/simple_objects/bible_chapter.g.dart
DA:9,0
DA:10,0
DA:11,0
DA:12,0
DA:13,0
DA:16,1
DA:17,1
DA:18,1
DA:19,1
LF:9
LH:4
end_of_record
SF:lib/models/simple_objects/bible_info_book.dart
DA:14,2
DA:21,3
DA:25,0
DA:26,0
DA:27,0
DA:28,0
DA:29,0
DA:30,0
DA:42,0
DA:44,0
DA:45,0
DA:47,4
DA:49,2
LF:13
LH:4
end_of_record
SF:lib/models/simple_objects/bible_info_book.g.dart
DA:9,2
DA:10,2
DA:11,2
DA:12,2
DA:13,2
DA:14,2
DA:15,2
DA:18,1
DA:19,1
DA:20,1
DA:21,1
DA:22,1
DA:23,1
DA:24,1
LF:14
LH:14
end_of_record
SF:lib/models/simple_objects/bible_verse.dart
DA:14,2
DA:31,0
DA:33,0
DA:34,0
DA:35,0
DA:36,0
DA:37,0
DA:38,0
DA:41,0
DA:42,0
DA:44,0
DA:46,0
LF:12
LH:1
end_of_record
SF:lib/models/simple_objects/bible_verse.g.dart
DA:9,0
DA:10,0
DA:11,0
DA:12,0
DA:13,0
DA:14,0
DA:16,0
DA:17,0
DA:18,0
DA:19,0
DA:20,0
DA:21,0
DA:22,0
LF:13
LH:0
end_of_record
SF:lib/screens/stateless/chapter_screen.dart
DA:17,0
DA:21,0
DA:23,0
DA:24,0
DA:25,0
DA:28,0
DA:29,0
DA:30,0
DA:31,0
DA:32,0
LF:10
LH:0
end_of_record
SF:lib/viewModels/bible_vm.dart
DA:12,0
DA:13,3
DA:15,0
DA:16,2
LF:4
LH:2
end_of_record
SF:lib/viewModels/bible_vm.g.dart
DA:9,0
DA:10,0
DA:11,0
DA:14,2
DA:15,1
DA:16,1
LF:6
LH:3
end_of_record
SF:lib/components/verse.dart
DA:9,0
DA:16,0
DA:17,0
DA:29,0
DA:31,0
DA:32,0
DA:33,0
DA:34,0
DA:35,0
DA:38,0
DA:41,0
DA:44,0
DA:46,0
DA:49,0
DA:50,0
DA:52,0
DA:55,0
DA:56,0
DA:57,0
DA:58,0
DA:66,0
DA:68,0
DA:69,0
DA:70,0
DA:71,0
DA:74,0
DA:76,0
DA:77,0
DA:78,0
DA:79,0
DA:81,0
DA:82,0
LF:32
LH:0
end_of_record
SF:lib/data/sembast_db.dart
DA:17,0
DA:18,0
DA:19,0
DA:20,0
DA:24,0
DA:25,0
DA:29,0
DA:30,0
DA:31,0
DA:32,0
DA:37,0
DA:38,0
DA:39,0
DA:42,0
DA:43,0
DA:44,0
DA:47,0
DA:48,0
DA:51,0
DA:52,0
DA:56,0
DA:57,0
DA:58,0
DA:59,0
DA:64,0
DA:65,0
DA:66,0
DA:67,0
DA:72,0
DA:73,0
DA:76,0
DA:77,0
DA:78,0
DA:82,0
DA:83,0
DA:84,0
DA:88,0
DA:89,0
DA:90,0
DA:91,0
DA:93,0
LF:41
LH:0
end_of_record
SF:lib/models/password.dart
DA:6,0
DA:8,0
DA:9,0
DA:10,0
DA:11,0
DA:12,0
DA:16,0
DA:17,0
DA:18,0
DA:19,0
LF:10
LH:0
end_of_record
SF:lib/injection.config.dart
DA:52,0
DA:56,0
DA:61,0
DA:62,0
DA:63,0
DA:64,0
DA:66,0
DA:67,0
DA:68,0
DA:69,0
DA:71,0
DA:72,0
DA:73,0
DA:74,0
DA:75,0
DA:76,0
DA:77,0
DA:78,0
DA:79,0
DA:81,0
DA:82,0
DA:83,0
DA:84,0
DA:85,0
DA:87,0
DA:88,0
DA:89,0
DA:90,0
DA:91,0
DA:92,0
DA:93,0
DA:94,0
DA:96,0
DA:97,0
DA:100,0
DA:101,0
DA:102,0
DA:103,0
DA:104,0
DA:105,0
DA:106,0
DA:107,0
DA:108,0
DA:109,0
DA:110,0
DA:112,0
DA:113,0
DA:114,0
DA:115,0
DA:116,0
DA:117,0
DA:118,0
DA:119,0
DA:120,0
DA:122,0
DA:123,0
DA:124,0
DA:125,0
DA:126,0
DA:127,0
DA:128,0
DA:131,0
DA:132,0
DA:135,0
DA:136,0
DA:137,0
DA:138,0
DA:139,0
DA:140,0
DA:142,0
LF:70
LH:0
end_of_record
SF:lib/layouts/bible_navigation_layout.dart
DA:20,0
DA:31,0
DA:32,0
DA:33,0
DA:34,0
DA:35,0
DA:36,0
DA:37,0
DA:38,0
DA:39,0
DA:40,0
DA:41,0
DA:44,0
DA:45,0
DA:46,0
DA:47,0
DA:48,0
DA:49,0
DA:50,0
DA:51,0
DA:52,0
DA:54,0
DA:55,0
DA:57,0
DA:58,0
DA:60,0
DA:61,0
DA:63,0
DA:64,0
DA:68,0
DA:70,0
DA:71,0
DA:73,0
DA:74,0
DA:75,0
DA:77,0
DA:78,0
DA:80,0
DA:83,0
DA:85,0
DA:86,0
DA:88,0
DA:89,0
DA:90,0
DA:92,0
DA:93,0
DA:94,0
DA:101,0
DA:107,0
DA:109,0
LF:50
LH:0
end_of_record
SF:lib/layouts/main_layout.dart
DA:18,1
DA:27,1
DA:28,1
DA:32,1
DA:34,1
DA:35,3
DA:36,1
DA:37,1
DA:38,2
DA:39,1
DA:40,2
DA:41,3
DA:44,1
DA:45,2
DA:46,1
DA:47,2
DA:48,2
DA:49,0
DA:50,0
DA:51,0
DA:54,0
DA:55,0
DA:62,2
LF:23
LH:18
end_of_record
SF:lib/models/simple_objects/bible_book.dart
DA:12,2
DA:16,3
DA:18,0
DA:19,0
DA:20,0
DA:21,0
DA:25,0
DA:26,0
DA:28,0
DA:30,2
LF:10
LH:3
end_of_record
SF:lib/models/simple_objects/bible_book.g.dart
DA:9,0
DA:10,0
DA:11,0
DA:12,0
DA:13,0
DA:16,2
DA:17,1
DA:18,1
LF:8
LH:3
end_of_record
SF:lib/modules/app.module.dart
DA:13,0
DA:14,0
DA:16,0
DA:17,0
DA:19,0
DA:20,0
LF:6
LH:0
end_of_record
SF:lib/redux/store.dart
DA:14,0
DA:15,0
DA:16,0
DA:17,0
DA:19,0
DA:25,0
DA:27,0
DA:28,0
DA:29,0
DA:31,0
DA:33,0
LF:11
LH:0
end_of_record
SF:lib/screens/stateful/book_search_screen.dart
DA:11,0
DA:12,0
DA:14,0
DA:15,0
DA:19,0
DA:24,0
DA:25,0
DA:30,0
DA:32,0
DA:33,0
DA:37,0
DA:38,0
DA:39,0
DA:40,0
DA:41,0
DA:43,0
DA:44,0
DA:48,0
DA:49,0
DA:50,0
DA:53,0
DA:55,0
DA:56,0
DA:59,0
DA:63,0
LF:25
LH:0
end_of_record
SF:lib/screens/stateful/material_root.dart
DA:15,1
DA:17,1
DA:18,1
DA:23,1
DA:25,2
DA:26,3
DA:27,3
DA:29,1
DA:32,1
DA:33,1
DA:34,3
DA:35,1
DA:36,1
DA:37,2
DA:38,1
DA:39,1
DA:46,1
DA:48,1
LF:18
LH:18
end_of_record
SF:lib/screens/stateful/settings_screen.dart
DA:17,0
DA:19,0
DA:20,0
DA:28,0
DA:29,0
DA:30,0
DA:31,0
DA:35,0
DA:36,0
DA:37,0
DA:38,0
DA:39,0
DA:43,0
DA:44,0
DA:45,0
DA:46,0
DA:48,0
DA:53,0
DA:54,0
DA:55,0
DA:56,0
DA:60,0
DA:61,0
DA:62,0
DA:63,0
DA:64,0
DA:65,0
DA:66,0
DA:75,0
DA:76,0
DA:78,0
DA:79,0
DA:80,0
DA:81,0
DA:82,0
DA:90,0
DA:91,0
DA:96,0
DA:98,0
DA:99,0
DA:100,0
DA:101,0
DA:102,0
DA:103,0
DA:104,0
DA:106,0
DA:107,0
DA:108,0
DA:110,0
DA:111,0
DA:112,0
DA:113,0
DA:114,0
DA:115,0
DA:117,0
DA:118,0
DA:119,0
DA:120,0
DA:121,0
DA:122,0
DA:123,0
DA:124,0
DA:125,0
DA:126,0
DA:128,0
DA:129,0
DA:130,0
DA:131,0
DA:132,0
DA:133,0
DA:134,0
DA:135,0
DA:136,0
DA:137,0
DA:138,0
DA:139,0
DA:142,0
DA:144,0
DA:145,0
DA:146,0
DA:147,0
DA:148,0
DA:150,0
DA:151,0
DA:152,0
DA:153,0
DA:155,0
DA:156,0
DA:157,0
DA:158,0
DA:160,0
DA:161,0
DA:162,0
DA:163,0
DA:165,0
DA:166,0
DA:167,0
DA:168,0
DA:177,0
DA:178,0
DA:179,0
DA:180,0
DA:184,0
DA:186,0
LF:104
LH:0
end_of_record
SF:lib/screens/stateless/bible_screen.dart
DA:13,0
DA:15,0
DA:17,0
DA:21,0
DA:22,0
DA:23,0
LF:6
LH:0
end_of_record
SF:lib/screens/stateless/book_screen.dart
DA:16,0
DA:18,0
DA:20,0
DA:21,0
DA:24,0
LF:5
LH:0
end_of_record
SF:lib/screens/stateless/chapters_screen.dart
DA:23,0
DA:31,0
DA:32,0
DA:39,0
DA:40,0
DA:41,0
DA:42,0
DA:43,0
DA:44,0
DA:45,0
DA:46,0
DA:47,0
DA:48,0
DA:49,0
DA:50,0
DA:56,0
DA:58,0
DA:61,0
DA:62,0
DA:63,0
DA:64,0
DA:65,0
DA:66,0
DA:72,0
DA:73,0
LF:25
LH:0
end_of_record
SF:lib/screens/stateless/home_options_screen.dart
DA:11,2
DA:12,1
DA:14,1
DA:18,1
DA:19,1
DA:20,1
DA:21,1
DA:28,0
DA:29,0
DA:30,0
DA:35,1
DA:36,1
DA:43,0
DA:44,0
DA:45,0
DA:50,1
DA:51,1
DA:60,0
DA:61,0
DA:62,0
DA:67,1
DA:68,1
DA:77,1
DA:78,2
DA:79,3
LF:25
LH:16
end_of_record
SF:lib/screens/stateless/memorize_scripture_screen.dart
DA:25,0
DA:28,0
DA:29,0
DA:30,0
DA:31,0
DA:36,0
DA:38,0
DA:42,0
DA:43,0
DA:44,0
DA:49,0
DA:50,0
DA:51,0
DA:52,0
DA:53,0
DA:54,0
DA:55,0
DA:56,0
DA:62,0
DA:63,0
LF:20
LH:0
end_of_record
SF:lib/screens/stateless/recent_activity_screen.dart
DA:9,0
DA:13,0
DA:14,0
DA:16,0
DA:23,0
DA:24,0
DA:26,0
DA:38,0
DA:40,0
DA:41,0
DA:50,0
DA:52,0
DA:56,0
DA:58,0
DA:59,0
DA:61,0
DA:62,0
DA:66,0
DA:67,0
DA:68,0
DA:69,0
DA:70,0
DA:72,0
DA:74,0
LF:24
LH:0
end_of_record
SF:lib/screens/stateless/search_screen.dart
DA:10,2
DA:14,1
DA:16,1
DA:20,1
DA:21,1
DA:23,1
DA:24,1
DA:31,0
LF:8
LH:7
end_of_record
SF:lib/screens/stateless/verses_screen.dart
DA:24,0
DA:26,0
DA:27,0
DA:28,0
DA:29,0
DA:34,0
DA:36,0
DA:37,0
DA:38,0
DA:39,0
DA:40,0
DA:41,0
DA:42,0
DA:43,0
LF:14
LH:0
end_of_record
SF:lib/shared/menu_bar.dart
DA:12,1
DA:16,0
DA:18,0
DA:19,0
DA:20,0
DA:21,0
DA:22,0
DA:24,0
DA:25,0
DA:26,0
DA:27,0
DA:29,0
DA:33,0
DA:34,0
DA:35,0
DA:36,0
DA:37,0
DA:43,0
DA:44,0
DA:45,0
DA:46,0
DA:47,0
DA:48,0
DA:49,0
DA:50,0
DA:54,0
DA:55,0
DA:56,0
DA:61,0
DA:62,0
DA:63,0
DA:64,0
DA:65,0
DA:66,0
DA:67,0
DA:68,0
DA:72,0
DA:73,0
DA:74,0
DA:79,0
DA:80,0
DA:81,0
DA:83,0
DA:84,0
DA:85,0
DA:86,0
DA:87,0
DA:91,0
DA:92,0
DA:93,0
DA:94,0
LF:51
LH:1
end_of_record
SF:lib/redux/actions/bible_actions.dart
DA:13,3
DA:14,11
DA:15,0
DA:17,0
DA:19,0
DA:22,0
DA:23,0
DA:25,0
DA:26,0
DA:28,0
DA:31,0
DA:32,0
DA:34,0
DA:35,0
DA:36,0
DA:38,0
DA:41,0
DA:42,0
DA:43,0
DA:45,0
DA:46,0
DA:47,0
DA:49,0
DA:52,0
DA:53,0
DA:54,0
DA:56,0
DA:61,0
DA:63,0
DA:65,0
DA:74,0
DA:75,0
DA:77,0
DA:84,0
DA:85,0
DA:87,0
DA:93,0
DA:95,0
DA:101,2
DA:103,1
DA:109,0
DA:111,0
DA:116,0
DA:118,0
DA:124,0
DA:126,0
DA:132,0
DA:134,0
DA:140,0
DA:142,0
DA:148,0
DA:150,0
DA:156,0
DA:158,0
DA:164,0
DA:166,0
DA:175,0
DA:176,0
DA:177,0
DA:178,0
DA:180,0
LF:61
LH:4
end_of_record
SF:lib/redux/actions/settings_actions.dart
DA:10,3
DA:11,4
DA:12,0
DA:13,0
DA:14,0
DA:15,0
DA:16,0
DA:17,0
DA:18,0
DA:19,0
DA:23,2
DA:25,1
DA:27,12
DA:29,1
DA:32,0
DA:33,0
DA:35,0
DA:37,0
DA:39,0
DA:42,0
DA:43,0
DA:45,0
DA:47,0
DA:49,0
DA:52,0
DA:53,0
DA:55,0
DA:57,0
DA:59,0
DA:62,0
DA:63,0
DA:65,0
DA:67,0
DA:69,0
DA:74,0
DA:75,0
DA:80,0
DA:81,0
DA:86,0
DA:87,0
DA:92,0
DA:93,0
DA:104,2
DA:105,2
DA:106,2
DA:107,2
DA:108,2
DA:109,2
DA:111,1
LF:49
LH:13
end_of_record
SF:lib/redux/state/settings_state.dart
DA:24,1
DA:25,3
DA:26,0
DA:28,0
DA:29,2
LF:5
LH:3
end_of_record
SF:lib/redux/state/settings_state.g.dart
DA:9,0
DA:10,0
DA:11,0
DA:12,0
DA:13,0
DA:14,0
DA:15,0
DA:16,0
DA:19,1
DA:20,1
DA:21,1
DA:22,1
DA:23,1
DA:24,1
DA:25,1
DA:26,1
LF:16
LH:8
end_of_record
SF:lib/models/font_size.dart
DA:4,0
LF:1
LH:0
end_of_record
SF:lib/models/simple_objects/bible_info_version.dart
DA:12,0
DA:18,2
DA:19,2
DA:20,2
DA:21,2
DA:23,0
DA:24,0
DA:25,0
DA:26,0
DA:27,0
DA:31,0
DA:32,0
DA:34,0
DA:36,0
LF:14
LH:4
end_of_record
SF:lib/models/simple_objects/bible_info_version.g.dart
DA:9,0
DA:10,0
DA:11,0
DA:12,0
DA:13,0
DA:16,0
DA:17,0
DA:18,0
DA:19,0
DA:20,0
LF:10
LH:0
end_of_record
SF:lib/redux/state/bible_state.dart
DA:26,0
DA:27,3
DA:28,1
DA:30,0
DA:31,2
LF:5
LH:3
end_of_record
SF:lib/redux/state/bible_state.g.dart
DA:9,0
DA:10,0
DA:12,0
DA:13,0
DA:14,0
DA:15,0
DA:16,0
DA:17,0
DA:18,0
DA:19,0
DA:20,0
DA:22,0
DA:23,0
DA:24,0
DA:26,0
DA:29,1
DA:30,1
DA:31,1
DA:32,1
DA:33,1
DA:34,1
DA:35,1
DA:36,1
DA:37,1
DA:38,1
DA:39,1
LF:26
LH:11
end_of_record
SF:lib/screens/stateful/search_form.dart
DA:6,3
DA:8,1
DA:9,1
DA:16,1
DA:18,1
DA:21,3
DA:24,1
DA:28,2
DA:29,1
DA:32,0
DA:33,0
DA:35,1
DA:37,1
DA:38,1
LF:14
LH:12
end_of_record
SF:lib/screens/stateless/books_screen.dart
DA:11,3
DA:13,0
DA:14,0
DA:21,0
DA:22,0
DA:23,0
DA:24,0
DA:25,0
DA:26,0
DA:27,0
DA:32,0
DA:34,0
DA:35,0
DA:36,0
DA:37,0
DA:38,0
DA:39,0
DA:40,0
DA:41,0
DA:42,0
DA:48,0
DA:49,0
LF:22
LH:1
end_of_record
